<?xml version="1.0" encoding="UTF-8"?>
<!-- Generated by org.testng.reporters.JUnitReportReporter -->
<testsuite hostname="DESKTOP-ETFFGND" failures="0" tests="1" name="com.initialization.abc" time="6.117" errors="0" timestamp="2023-09-10T23:53:31 IST" skipped="0">
  <testcase classname="com.initialization.abc" name="launch" time="6.117"/>
  <system-out/>
</testsuite> <!-- com.initialization.abc -->
