<?xml version="1.0" encoding="UTF-8"?>
<!-- Generated by org.testng.reporters.JUnitReportReporter -->
<testsuite hostname="Mahesh-PC" failures="0" tests="1" name="com.assignment.tests.BlogTests" time="5.179" errors="0" timestamp="2023-08-25T11:45:20 IST" skipped="0">
  <testcase classname="com.assignment.tests.BlogTests" name="verifyBlogPageURL" time="5.179"/>
  <system-out/>
</testsuite> <!-- com.assignment.tests.BlogTests -->
