<?xml version="1.0" encoding="UTF-8"?>
<!-- Generated by org.testng.reporters.JUnitReportReporter -->
<testsuite hostname="Mahesh-PC" failures="0" tests="1" name="com.makemytriptests.BookingFligthsTests" time="45.896" errors="0" timestamp="2023-09-11T00:50:33 IST" skipped="0">
  <testcase classname="com.makemytriptests.BookingFligthsTests" name="bookingFlight" time="45.896"/>
  <system-out/>
</testsuite> <!-- com.makemytriptests.BookingFligthsTests -->
